2020-02-08 01:46:17.934 32229-32229/com.example.stormyapiapp W/System: ClassLoader referenced unknown path: /data/app/com.example.stormyapiapp-1/lib/arm
2020-02-08 01:46:18.063 32229-32229/com.example.stormyapiapp W/art: Before Android 4.1, method android.graphics.PorterDuffColorFilter androidx.vectordrawable.graphics.drawable.VectorDrawableCompat.updateTintFilter(android.graphics.PorterDuffColorFilter, android.content.res.ColorStateList, android.graphics.PorterDuff$Mode) would have incorrectly overridden the package-private method in android.graphics.drawable.Drawable
2020-02-08 01:46:18.192 32229-32229/com.example.stormyapiapp I/art: Rejecting re-init on previously-failed class java.lang.Class<androidx.core.view.ViewCompat$2>: java.lang.NoClassDefFoundError: Failed resolution of: Landroid/view/View$OnUnhandledKeyEventListener;
2020-02-08 01:46:18.192 32229-32229/com.example.stormyapiapp I/art:     at void androidx.core.view.ViewCompat.setBackground(android.view.View, android.graphics.drawable.Drawable) (ViewCompat.java:2559)
2020-02-08 01:46:18.192 32229-32229/com.example.stormyapiapp I/art:     at void androidx.appcompat.widget.ActionBarContainer.<init>(android.content.Context, android.util.AttributeSet) (ActionBarContainer.java:63)
2020-02-08 01:46:18.192 32229-32229/com.example.stormyapiapp I/art:     at java.lang.Object java.lang.reflect.Constructor.newInstance0!(java.lang.Object[]) (Constructor.java:-2)
2020-02-08 01:46:18.192 32229-32229/com.example.stormyapiapp I/art:     at java.lang.Object java.lang.reflect.Constructor.newInstance(java.lang.Object[]) (Constructor.java:430)
2020-02-08 01:46:18.192 32229-32229/com.example.stormyapiapp I/art:     at android.view.View android.view.LayoutInflater.createView(java.lang.String, java.lang.String, android.util.AttributeSet) (LayoutInflater.java:652)
2020-02-08 01:46:18.192 32229-32229/com.example.stormyapiapp I/art:     at android.view.View android.view.LayoutInflater.createViewFromTag(android.view.View, java.lang.String, android.content.Context, android.util.AttributeSet, boolean) (LayoutInflater.java:794)
2020-02-08 01:46:18.192 32229-32229/com.example.stormyapiapp I/art:     at android.view.View android.view.LayoutInflater.createViewFromTag(android.view.View, java.lang.String, android.content.Context, android.util.AttributeSet) (LayoutInflater.java:734)
2020-02-08 01:46:18.192 32229-32229/com.example.stormyapiapp I/art:     at void android.view.LayoutInflater.rInflate(org.xmlpull.v1.XmlPullParser, android.view.View, android.content.Context, android.util.AttributeSet, boolean) (LayoutInflater.java:865)
2020-02-08 01:46:18.192 32229-32229/com.example.stormyapiapp I/art:     at void android.view.LayoutInflater.rInflateChildren(org.xmlpull.v1.XmlPullParser, android.view.View, android.util.AttributeSet, boolean) (LayoutInflater.java:828)
2020-02-08 01:46:18.192 32229-32229/com.example.stormyapiapp I/art:     at android.view.View android.view.LayoutInflater.inflate(org.xmlpull.v1.XmlPullParser, android.view.ViewGroup, boolean) (LayoutInflater.java:525)
2020-02-08 01:46:18.192 32229-32229/com.example.stormyapiapp I/art:     at android.view.View android.view.LayoutInflater.inflate(int, android.view.ViewGroup, boolean) (LayoutInflater.java:427)
2020-02-08 01:46:18.192 32229-32229/com.example.stormyapiapp I/art:     at android.view.View android.view.LayoutInflater.inflate(int, android.view.ViewGroup) (LayoutInflater.java:378)
2020-02-08 01:46:18.192 32229-32229/com.example.stormyapiapp I/art:     at android.view.ViewGroup androidx.appcompat.app.AppCompatDelegateImpl.createSubDecor() (AppCompatDelegateImpl.java:749)
2020-02-08 01:46:18.192 32229-32229/com.example.stormyapiapp I/art:     at void androidx.appcompat.app.AppCompatDelegateImpl.ensureSubDecor() (AppCompatDelegateImpl.java:659)
2020-02-08 01:46:18.192 32229-32229/com.example.stormyapiapp I/art:     at void androidx.appcompat.app.AppCompatDelegateImpl.setContentView(int) (AppCompatDelegateImpl.java:552)
2020-02-08 01:46:18.192 32229-32229/com.example.stormyapiapp I/art:     at void androidx.appcompat.app.AppCompatActivity.setContentView(int) (AppCompatActivity.java:161)
2020-02-08 01:46:18.192 32229-32229/com.example.stormyapiapp I/art:     at void com.example.stormyapiapp.MainActivity.onCreate(android.os.Bundle) (MainActivity.kt:10)
2020-02-08 01:46:18.192 32229-32229/com.example.stormyapiapp I/art:     at void android.app.Activity.performCreate(android.os.Bundle) (Activity.java:6977)
2020-02-08 01:46:18.192 32229-32229/com.example.stormyapiapp I/art:     at void android.app.Instrumentation.callActivityOnCreate(android.app.Activity, android.os.Bundle) (Instrumentation.java:1126)
2020-02-08 01:46:18.192 32229-32229/com.example.stormyapiapp I/art:     at android.app.Activity android.app.ActivityThread.performLaunchActivity(android.app.ActivityThread$ActivityClientRecord, android.content.Intent) (ActivityThread.java:2946)
2020-02-08 01:46:18.192 32229-32229/com.example.stormyapiapp I/art:     at void android.app.ActivityThread.handleLaunchActivity(android.app.ActivityThread$ActivityClientRecord, android.content.Intent, java.lang.String) (ActivityThread.java:3064)
2020-02-08 01:46:18.192 32229-32229/com.example.stormyapiapp I/art:     at void android.app.ActivityThread.-wrap14(android.app.ActivityThread, android.app.ActivityThread$ActivityClientRecord, android.content.Intent, java.lang.String) (ActivityThread.java:-1)
2020-02-08 01:46:18.192 32229-32229/com.example.stormyapiapp I/art:     at void android.app.ActivityThread$H.handleMessage(android.os.Message) (ActivityThread.java:1659)
2020-02-08 01:46:18.192 32229-32229/com.example.stormyapiapp I/art:     at void android.os.Handler.dispatchMessage(android.os.Message) (Handler.java:102)
2020-02-08 01:46:18.192 32229-32229/com.example.stormyapiapp I/art:     at void android.os.Looper.loop() (Looper.java:154)
2020-02-08 01:46:18.192 32229-32229/com.example.stormyapiapp I/art:     at void android.app.ActivityThread.main(java.lang.String[]) (ActivityThread.java:6823)
2020-02-08 01:46:18.192 32229-32229/com.example.stormyapiapp I/art:     at java.lang.Object java.lang.reflect.Method.invoke!(java.lang.Object, java.lang.Object[]) (Method.java:-2)
2020-02-08 01:46:18.192 32229-32229/com.example.stormyapiapp I/art:     at void com.android.internal.os.ZygoteInit$MethodAndArgsCaller.run() (ZygoteInit.java:1563)
2020-02-08 01:46:18.192 32229-32229/com.example.stormyapiapp I/art:     at void com.android.internal.os.ZygoteInit.main(java.lang.String[]) (ZygoteInit.java:1451)
2020-02-08 01:46:18.192 32229-32229/com.example.stormyapiapp I/art: Caused by: java.lang.ClassNotFoundException: Didn't find class "android.view.View$OnUnhandledKeyEventListener" on path: DexPathList[[zip file "/data/app/com.example.stormyapiapp-1/base.apk"],nativeLibraryDirectories=[/data/app/com.example.stormyapiapp-1/lib/arm, /system/lib, /vendor/lib]]
2020-02-08 01:46:18.192 32229-32229/com.example.stormyapiapp I/art:     at java.lang.Class dalvik.system.BaseDexClassLoader.findClass(java.lang.String) (BaseDexClassLoader.java:56)
2020-02-08 01:46:18.192 32229-32229/com.example.stormyapiapp I/art:     at java.lang.Class java.lang.ClassLoader.loadClass(java.lang.String, boolean) (ClassLoader.java:380)
2020-02-08 01:46:18.192 32229-32229/com.example.stormyapiapp I/art:     at java.lang.Class java.lang.ClassLoader.loadClass(java.lang.String) (ClassLoader.java:312)
2020-02-08 01:46:18.192 32229-32229/com.example.stormyapiapp I/art:     at void androidx.core.view.ViewCompat.setBackground(android.view.View, android.graphics.drawable.Drawable) (ViewCompat.java:2559)
2020-02-08 01:46:18.192 32229-32229/com.example.stormyapiapp I/art:     at void androidx.appcompat.widget.ActionBarContainer.<init>(android.content.Context, android.util.AttributeSet) (ActionBarContainer.java:63)
2020-02-08 01:46:18.192 32229-32229/com.example.stormyapiapp I/art:     at java.lang.Object java.lang.reflect.Constructor.newInstance0!(java.lang.Object[]) (Constructor.java:-2)
2020-02-08 01:46:18.192 32229-32229/com.example.stormyapiapp I/art:     at java.lang.Object java.lang.reflect.Constructor.newInstance(java.lang.Object[]) (Constructor.java:430)
2020-02-08 01:46:18.192 32229-32229/com.example.stormyapiapp I/art:     at android.view.View android.view.LayoutInflater.createView(java.lang.String, java.lang.String, android.util.AttributeSet) (LayoutInflater.java:652)
2020-02-08 01:46:18.192 32229-32229/com.example.stormyapiapp I/art:     at android.view.View android.view.LayoutInflater.createViewFromTag(android.view.View, java.lang.String, android.content.Context, android.util.AttributeSet, boolean) (LayoutInflater.java:794)
2020-02-08 01:46:18.192 32229-32229/com.example.stormyapiapp I/art:     at android.view.View android.view.LayoutInflater.createViewFromTag(android.view.View, java.lang.String, android.content.Context, android.util.AttributeSet) (LayoutInflater.java:734)
2020-02-08 01:46:18.192 32229-32229/com.example.stormyapiapp I/art:     at void android.view.LayoutInflater.rInflate(org.xmlpull.v1.XmlPullParser, android.view.View, android.content.Context, android.util.AttributeSet, boolean) (LayoutInflater.java:865)
2020-02-08 01:46:18.192 32229-32229/com.example.stormyapiapp I/art:     at void android.view.LayoutInflater.rInflateChildren(org.xmlpull.v1.XmlPullParser, android.view.View, android.util.AttributeSet, boolean) (LayoutInflater.java:828)
2020-02-08 01:46:18.192 32229-32229/com.example.stormyapiapp I/art:     at android.view.View android.view.LayoutInflater.inflate(org.xmlpull.v1.XmlPullParser, android.view.ViewGroup, boolean) (LayoutInflater.java:525)
2020-02-08 01:46:18.192 32229-32229/com.example.stormyapiapp I/art:     at android.view.View android.view.LayoutInflater.inflate(int, android.view.ViewGroup, boolean) (LayoutInflater.java:427)
2020-02-08 01:46:18.192 32229-32229/com.example.stormyapiapp I/art:     at android.view.View android.view.LayoutInflater.inflate(int, android.view.ViewGroup) (LayoutInflater.java:378)
2020-02-08 01:46:18.192 32229-32229/com.example.stormyapiapp I/art:     at android.view.ViewGroup androidx.appcompat.app.AppCompatDelegateImpl.createSubDecor() (AppCompatDelegateImpl.java:749)
2020-02-08 01:46:18.192 32229-32229/com.example.stormyapiapp I/art:     at void androidx.appcompat.app.AppCompatDelegateImpl.ensureSubDecor() (AppCompatDelegateImpl.java:659)
2020-02-08 01:46:18.192 32229-32229/com.example.stormyapiapp I/art:     at void androidx.appcompat.app.AppCompatDelegateImpl.setContentView(int) (AppCompatDelegateImpl.java:552)
2020-02-08 01:46:18.192 32229-32229/com.example.stormyapiapp I/art:     at void androidx.appcompat.app.AppCompatActivity.setContentView(int) (AppCompatActivity.java:161)
2020-02-08 01:46:18.192 32229-32229/com.example.stormyapiapp I/art:     at void com.example.stormyapiapp.MainActivity.onCreate(android.os.Bundle) (MainActivity.kt:10)
2020-02-08 01:46:18.192 32229-32229/com.example.stormyapiapp I/art:     at void android.app.Activity.performCreate(android.os.Bundle) (Activity.java:6977)
2020-02-08 01:46:18.192 32229-32229/com.example.stormyapiapp I/art:     at void android.app.Instrumentation.callActivityOnCreate(android.app.Activity, android.os.Bundle) (Instrumentation.java:1126)
2020-02-08 01:46:18.192 32229-32229/com.example.stormyapiapp I/art:     at android.app.Activity android.app.ActivityThread.performLaunchActivity(android.app.ActivityThread$ActivityClientRecord, android.content.Intent) (ActivityThread.java:2946)
2020-02-08 01:46:18.192 32229-32229/com.example.stormyapiapp I/art:     at void android.app.ActivityThread.handleLaunchActivity(android.app.ActivityThread$ActivityClientRecord, android.content.Intent, java.lang.String) (ActivityThread.java:3064)
2020-02-08 01:46:18.192 32229-32229/com.example.stormyapiapp I/art:     at void android.app.ActivityThread.-wrap14(android.app.ActivityThread, android.app.ActivityThread$ActivityClientRecord, android.content.Intent, java.lang.String) (ActivityThread.java:-1)
2020-02-08 01:46:18.192 32229-32229/com.example.stormyapiapp I/art:     at void android.app.ActivityThread$H.handleMessage(android.os.Message) (ActivityThread.java:1659)
2020-02-08 01:46:18.192 32229-32229/com.example.stormyapiapp I/art:     at void android.os.Handler.dispatchMessage(android.os.Message) (Handler.java:102)
2020-02-08 01:46:18.192 32229-32229/com.example.stormyapiapp I/art:     at void android.os.Looper.loop() (Looper.java:154)
2020-02-08 01:46:18.192 32229-32229/com.example.stormyapiapp I/art:     at void android.app.ActivityThread.main(java.lang.String[]) (ActivityThread.java:6823)
2020-02-08 01:46:18.192 32229-32229/com.example.stormyapiapp I/art:     at java.lang.Object java.lang.reflect.Method.invoke!(java.lang.Object, java.lang.Object[]) (Method.java:-2)
2020-02-08 01:46:18.192 32229-32229/com.example.stormyapiapp I/art:     at void com.android.internal.os.ZygoteInit$MethodAndArgsCaller.run() (ZygoteInit.java:1563)
2020-02-08 01:46:18.192 32229-32229/com.example.stormyapiapp I/art:     at void com.android.internal.os.ZygoteInit.main(java.lang.String[]) (ZygoteInit.java:1451)
2020-02-08 01:46:18.319 32229-32229/com.example.stormyapiapp D/TextView: setTypeface with style : 0
2020-02-08 01:46:18.320 32229-32229/com.example.stormyapiapp D/TextView: setTypeface with style : 0
2020-02-08 01:46:18.334 32229-32229/com.example.stormyapiapp D/TextView: setTypeface with style : 0
2020-02-08 01:46:18.373 32229-32229/com.example.stormyapiapp D/NetworkSecurityConfig: No Network Security Config specified, using platform default
2020-02-08 01:46:18.481 32229-32229/com.example.stormyapiapp D/ViewRootImpl@3af9805[MainActivity]: ThreadedRenderer.create() translucent=false
2020-02-08 01:46:18.487 32229-32229/com.example.stormyapiapp D/InputTransport: Input channel constructed: fd=63
2020-02-08 01:46:18.488 32229-32229/com.example.stormyapiapp D/ViewRootImpl@3af9805[MainActivity]: setView = DecorView@af3705a[MainActivity] touchMode=true
2020-02-08 01:46:18.493 32229-32229/com.example.stormyapiapp D/ViewRootImpl@3af9805[MainActivity]: dispatchAttachedToWindow
2020-02-08 01:46:18.539 32229-32229/com.example.stormyapiapp D/ViewRootImpl@3af9805[MainActivity]: Relayout returned: oldFrame=[0,0][0,0] newFrame=[0,0][768,1024] result=0x27 surface={isValid=true -1503449088} surfaceGenerationChanged=true
2020-02-08 01:46:18.539 32229-32229/com.example.stormyapiapp D/ViewRootImpl@3af9805[MainActivity]: mHardwareRenderer.initialize() mSurface={isValid=true -1503449088} hwInitialized=true
2020-02-08 01:46:18.541 32229-32257/com.example.stormyapiapp I/Adreno-EGL: <qeglDrvAPI_eglInitialize:379>: EGL 1.4 QUALCOMM build: Nondeterministic_AU_msm8916_32_LA.BR.1.2.9_RB1__release_AU (I750f7f2fa6)
    OpenGL ES Shader Compiler Version: XE031.09.00.03
    Build Date: 02/18/17 Sat
    Local Branch: 
    Remote Branch: quic/LA.BR.1.2.9_rb1.12
    Local Patches: NONE
    Reconstruct Branch: NOTHING
2020-02-08 01:46:18.553 32229-32257/com.example.stormyapiapp I/OpenGLRenderer: Initialized EGL, version 1.4
2020-02-08 01:46:18.554 32229-32257/com.example.stormyapiapp D/OpenGLRenderer: Swap behavior 1
2020-02-08 01:46:18.554 32229-32257/com.example.stormyapiapp W/Adreno-EGL: <qeglDrvAPI_eglCreateContext:2475>: EGL_BAD_ATTRIBUTE
2020-02-08 01:46:18.554 32229-32257/com.example.stormyapiapp I/OpenGLRenderer: KHR Debugger is Disabled - EGL_BAD_ATTRIBUTE
2020-02-08 01:46:18.583 32229-32229/com.example.stormyapiapp I/ViewConfigCompat: Could not find method getScaledScrollFactor() on ViewConfiguration
2020-02-08 01:46:18.595 32229-32229/com.example.stormyapiapp D/ViewRootImpl@3af9805[MainActivity]: MSG_RESIZED_REPORT: frame=Rect(0, 0 - 768, 1024) ci=Rect(0, 24 - 0, 0) vi=Rect(0, 24 - 0, 0) or=1
2020-02-08 01:46:18.595 32229-32229/com.example.stormyapiapp D/ViewRootImpl@3af9805[MainActivity]: MSG_WINDOW_FOCUS_CHANGED 1
2020-02-08 01:46:18.595 32229-32229/com.example.stormyapiapp D/ViewRootImpl@3af9805[MainActivity]: mHardwareRenderer.initializeIfNeeded()#2 mSurface={isValid=true -1503449088}
2020-02-08 01:46:18.598 32229-32229/com.example.stormyapiapp V/InputMethodManager: Starting input: tba=android.view.inputmethod.EditorInfo@37dc2bd nm : com.example.stormyapiapp ic=null
2020-02-08 01:46:18.598 32229-32229/com.example.stormyapiapp I/InputMethodManager: startInputInner - mService.startInputOrWindowGainedFocus
2020-02-08 01:46:18.628 32229-32243/com.example.stormyapiapp D/InputTransport: Input channel constructed: fd=66
2020-02-08 01:46:18.729 32229-32229/com.example.stormyapiapp V/InputMethodManager: Starting input: tba=android.view.inputmethod.EditorInfo@d1f8c75 nm : com.example.stormyapiapp ic=null

2020-02-08 01:46:19.351 32229-32229/com.example.stormyapiapp D/Repository: TV shows: [TVshow(id=419704, title=Ad Astra, overview=The near future, a time when both hope and hardships drive humanity to look to the stars and beyond. While a mysterious phenomenon menaces to destroy life on planet Earth, astronaut Roy McBride undertakes a mission across the immensity of space and its many perils to uncover the truth about a lost expedition that decades before boldly faced emptiness and silence in search of the unknown., posterPath=/xBHvZcjRiWyobQ9kxBhO6B2dtRI.jpg, backdropPath=/5BwqwxMEjeFtdknRV792Svo0K1v.jpg, rating=6.0, releaseDate=2019-09-17), TVshow(id=495764, title=Birds of Prey (and the Fantabulous Emancipation of One Harley Quinn), overview=After splitting with the Joker, Harley Quinn joins superheroes Black Canary, Huntress and Renee Montoya to save a young girl from an evil crime lord., posterPath=/z7FCF54Jvzv9Anxyf82QeqFXXOO.jpg, backdropPath=/P70lB9FQ8cYvRFbxzqwZOexe7S.jpg, rating=7.1, releaseDate=2020-02-05), TVshow(id=515001, title=Jojo Rabbit, overview=A World War II satire that follows a lonely German boy whose world view is turned upside down when he discovers his single mother is hiding a young Jewish girl in their attic. Aided only by his idiotic imaginary friend, Adolf Hitler, Jojo must confront his blind nationalism., posterPath=/7GsM4mtM0worCtIVeiQt28HieeN.jpg, backdropPath=/agoBZfL1q5G79SD0npArSlJn8BH.jpg, rating=8.1, releaseDate=2019-10-18), TVshow(id=530915, title=1917, overview=At the height of the First World War, two young British soldiers, Schofield and Blake are given a seemingly impossible mission. In a race against time, they must cross enemy territory and deliver a message that will stop a deadly attack on hundreds of soldiers—Blake's own brother among them., posterPath=/iZf0KyrE25z1sage4SYFLCCrMi9.jpg, backdropPath=/2WgieNR1tGHlpJUsolbVzbUbE1O.jpg, rating=8.1, releaseDate=2019-12-10), TVshow(id=38700, title=Bad Boys for Life, overview=Marcus and Mike are forced to confront new threats, career changes, and midlife crises as they join the newly created elite team AMMO of the Miami police department to take down the ruthless Armando Armas, the vicious leader of a Miami drug cartel., posterPath=/y95lQLnuNKdPAzw9F9Ab8kJ80c3.jpg, backdropPath=/upUy2QhMZEmtypPW3PdieKLAHxh.jpg, rating=6.5, releaseDate=2020-01-15), TVshow(id=475557, title=Joker, overview=During the 1980s, a failed stand-up comedian is driven insane and turns to a life of crime and chaos in Gotham City while becoming an infamous psychopathic crime figure., posterPath=/udDclJoHjfjb8Ekgsd4FDteOkCU.jpg, backdropPath=/n6bUvigpRFqSwmPp1m2YADdbRBc.jpg, rating=8.3, releaseDate=2019-10-02), TVshow(id=448119, title=Dolittle, overview=After losing his wife seven years earlier, the eccentric Dr. John Dolittle, famed doctor and veterinarian of Queen Victoria’s England, hermits himself away behind the high walls of Dolittle Manor with only his menagerie of exotic animals for company. But when the young queen falls gravely ill, a reluctant Dolittle is forced to set sail on an epic adventure to a mythical island in search of a cure, regaining his wit and courage as he crosses old adversaries and discovers wondrous creatures., posterPath=/hrraiBBuhu5E50otrtrykNqnOt5.jpg, backdropPath=/lG802rseTZcN9mtLsQPVfApEVzM.jpg, rating=6.4, releaseDate=2020-01-01), TVshow(id=359724, title=Ford v Ferrari, overview=American car designer Carroll Shelby and the British-born driver Ken Miles work together to battle corporate interference, the laws of physics, and their own personal demons to build a revolutionary race car for Ford Motor Company and take on the dominating race cars of Enzo Ferrari at the 24 Hours of Le Mans in France in 1966., posterPath=/6ApDtO7xaWAfPqfi2IARXIzj8QS.jpg, backdropPath=/n3UanIvmnBlH531pykuzNs4LbH6.jpg, rating=7.7, releaseDate=2019-11-13), TVshow(id=535292, title=21 Bridges, overview=An embattled NYPD detective, is thrust into a citywide manhunt for a pair of cop killers after uncovering a massive and unexpected conspiracy. As the night unfolds, lines become blurred on
